<?xml version="1.0" encoding="UTF-8"?>
<!-- Generated by org.testng.reporters.JUnitReportReporter -->
<testsuite hostname="MacBook-Air-Tim.local" failures="0" tests="2" name="com.testng.training.SampleOneTest" time="0.001" errors="0" timestamp="2025-01-10T22:06:02 GET" skipped="0">
  <testcase classname="com.testng.training.SampleOneTest" name="sampleOneTestMethodTwo" time="0.000"/>
  <testcase classname="com.testng.training.SampleOneTest" name="sampleOneTestMethodOne" time="0.001"/>
</testsuite> <!-- com.testng.training.SampleOneTest -->
