<?xml version="1.0" encoding="UTF-8"?>
<!-- Generated by org.testng.reporters.JUnitReportReporter -->
<testsuite hostname="MacBook-Air-Tim.local" failures="0" tests="1" name="FacebookLoginTest" time="0.002" errors="0" timestamp="2025-01-10T22:06:02 GET" skipped="0">
  <testcase classname="FacebookLoginTest" name="loginWithValidCredentials" time="0.002"/>
</testsuite> <!-- FacebookLoginTest -->
