<?xml version="1.0" encoding="UTF-8"?>
<!-- Generated by org.testng.reporters.JUnitReportReporter -->
<testsuite hostname="MacBook-Air-Tim.local" failures="0" tests="1" name="ParametrizedTest" time="0.002" errors="0" timestamp="2025-01-10T22:06:02 GET" skipped="0">
  <testcase classname="ParametrizedTest" name="credentialsTest" time="0.002"/>
</testsuite> <!-- ParametrizedTest -->
