<?xml version="1.0" encoding="UTF-8"?>
<!-- Generated by org.testng.reporters.JUnitReportReporter -->
<testsuite hostname="MacBook-Air-Tim.local" failures="0" tests="3" name="dataprovider.DataProviderParameterExample" time="0.002" errors="0" timestamp="2025-01-10T22:06:02 GET" skipped="0">
  <testcase classname="dataprovider.DataProviderParameterExample" name="scenario1" time="0.000"/>
  <testcase classname="dataprovider.DataProviderParameterExample" name="scenario2" time="0.001"/>
  <testcase classname="dataprovider.DataProviderParameterExample" name="commonScenarios" time="0.001"/>
</testsuite> <!-- dataprovider.DataProviderParameterExample -->
